c:\users\smlkr\desktop\ascii c++ engine\ascii c++ engine\x64\debug\vc143.pdb
c:\users\smlkr\desktop\ascii c++ engine\ascii c++ engine\x64\debug\vc143.idb
c:\users\smlkr\desktop\ascii c++ engine\ascii c++ engine\x64\debug\window.obj
c:\users\smlkr\desktop\ascii c++ engine\ascii c++ engine\x64\debug\main.obj
c:\users\smlkr\desktop\ascii c++ engine\ascii c++ engine\x64\debug\drawcube.obj
c:\users\smlkr\desktop\ascii c++ engine\x64\debug\ascii c++ engine.exe
c:\users\smlkr\desktop\ascii c++ engine\ascii c++ engine\x64\debug\ascii c++ engine.ilk
c:\users\smlkr\desktop\ascii c++ engine\x64\debug\ascii c++ engine.pdb
c:\users\smlkr\desktop\ascii c++ engine\ascii c++ engine\x64\debug\camera.obj
c:\users\smlkr\desktop\ascii c++ engine\ascii c++ engine\x64\debug\ascii c++ engine.tlog\cl.command.1.tlog
c:\users\smlkr\desktop\ascii c++ engine\ascii c++ engine\x64\debug\ascii c++ engine.tlog\cl.items.tlog
c:\users\smlkr\desktop\ascii c++ engine\ascii c++ engine\x64\debug\ascii c++ engine.tlog\cl.read.1.tlog
c:\users\smlkr\desktop\ascii c++ engine\ascii c++ engine\x64\debug\ascii c++ engine.tlog\cl.write.1.tlog
c:\users\smlkr\desktop\ascii c++ engine\ascii c++ engine\x64\debug\ascii c++ engine.tlog\link.20892-cvtres.read.1.tlog
c:\users\smlkr\desktop\ascii c++ engine\ascii c++ engine\x64\debug\ascii c++ engine.tlog\link.20892-cvtres.write.1.tlog
c:\users\smlkr\desktop\ascii c++ engine\ascii c++ engine\x64\debug\ascii c++ engine.tlog\link.20892-rc.read.1.tlog
c:\users\smlkr\desktop\ascii c++ engine\ascii c++ engine\x64\debug\ascii c++ engine.tlog\link.20892-rc.write.1.tlog
c:\users\smlkr\desktop\ascii c++ engine\ascii c++ engine\x64\debug\ascii c++ engine.tlog\link.20892.read.1.tlog
c:\users\smlkr\desktop\ascii c++ engine\ascii c++ engine\x64\debug\ascii c++ engine.tlog\link.20892.read.2.tlog
c:\users\smlkr\desktop\ascii c++ engine\ascii c++ engine\x64\debug\ascii c++ engine.tlog\link.20892.write.1.tlog
c:\users\smlkr\desktop\ascii c++ engine\ascii c++ engine\x64\debug\ascii c++ engine.tlog\link.command.1.tlog
c:\users\smlkr\desktop\ascii c++ engine\ascii c++ engine\x64\debug\ascii c++ engine.tlog\link.read.1.tlog
c:\users\smlkr\desktop\ascii c++ engine\ascii c++ engine\x64\debug\ascii c++ engine.tlog\link.write.1.tlog
